<?xml version="1.0" encoding="UTF-8"?>
<!-- Generated by org.testng.reporters.JUnitReportReporter -->
<testsuite hostname="DESKTOP-2O8E951" failures="0" tests="3" name="RunTiendaTest" time="60.028" errors="0" timestamp="2022-12-20T01:25:19 CET" skipped="0">
  <testcase classname="RunTiendaTest" name="runScenario" time="31.996"/>
  <system-out/>
  <testcase classname="RunTiendaTest" name="runScenario" time="14.530"/>
  <system-out/>
  <testcase classname="RunTiendaTest" name="runScenario" time="13.502"/>
  <system-out/>
</testsuite> <!-- RunTiendaTest -->
