<?xml version="1.0" encoding="UTF-8"?>
<!-- Generated by org.testng.reporters.JUnitReportReporter -->
<testsuite hostname="DESKTOP-2O8E951" failures="0" tests="2" name="RunMiCuentaTest" time="22.327" errors="0" timestamp="2022-12-20T05:16:17 CET" skipped="0">
  <testcase classname="RunMiCuentaTest" name="runScenario" time="9.830"/>
  <system-out/>
  <testcase classname="RunMiCuentaTest" name="runScenario" time="12.497"/>
  <system-out/>
</testsuite> <!-- RunMiCuentaTest -->
