<?xml version="1.0" encoding="UTF-8"?>
<!-- Generated by org.testng.reporters.JUnitReportReporter -->
<testsuite hostname="DESKTOP-2O8E951" failures="0" tests="1" name="RunContactoTest" time="9.642" errors="0" timestamp="2022-12-20T05:05:32 CET" skipped="0">
  <testcase classname="RunContactoTest" name="runScenario" time="9.642"/>
  <system-out/>
</testsuite> <!-- RunContactoTest -->
