<?xml version="1.0" encoding="UTF-8"?>
<!-- Generated by org.testng.reporters.JUnitReportReporter -->
<testsuite hostname="DESKTOP-2O8E951" failures="0" tests="4" name="RunBuscadorTest" time="49.512" errors="0" timestamp="2022-12-20T06:58:50 CET" skipped="0">
  <testcase classname="RunBuscadorTest" name="runScenario" time="14.360"/>
  <system-out/>
  <testcase classname="RunBuscadorTest" name="runScenario" time="11.329"/>
  <system-out/>
  <testcase classname="RunBuscadorTest" name="runScenario" time="10.337"/>
  <system-out/>
  <testcase classname="RunBuscadorTest" name="runScenario" time="13.486"/>
  <system-out/>
</testsuite> <!-- RunBuscadorTest -->
