<?xml version="1.0" encoding="UTF-8"?>
<!-- Generated by org.testng.reporters.JUnitReportReporter -->
<testsuite hostname="DESKTOP-2O8E951" failures="0" tests="1" name="RunQuienesSomosTest" time="7.753" errors="0" timestamp="2022-12-20T05:02:58 CET" skipped="0">
  <testcase classname="RunQuienesSomosTest" name="runScenario" time="7.753"/>
  <system-out/>
</testsuite> <!-- RunQuienesSomosTest -->
