<?xml version="1.0" encoding="UTF-8"?>
<!-- Generated by org.testng.reporters.JUnitReportReporter -->
<testsuite hostname="DESKTOP-2O8E951" failures="0" tests="1" name="RunCarritoTest" time="15.770" errors="0" timestamp="2022-12-20T07:06:43 CET" skipped="0">
  <testcase classname="RunCarritoTest" name="runScenario" time="15.770"/>
  <system-out/>
</testsuite> <!-- RunCarritoTest -->
