<?xml version="1.0" encoding="UTF-8"?>
<!-- Generated by org.testng.reporters.JUnitReportReporter -->
<testsuite hostname="DESKTOP-2O8E951" failures="0" tests="2" name="RunServiciosTest" time="18.527" errors="0" timestamp="2022-12-20T04:52:37 CET" skipped="0">
  <testcase classname="RunServiciosTest" name="runScenario" time="8.205"/>
  <system-out/>
  <testcase classname="RunServiciosTest" name="runScenario" time="10.322"/>
  <system-out/>
</testsuite> <!-- RunServiciosTest -->
