<?xml version="1.0" encoding="UTF-8"?>
<!-- Generated by org.testng.reporters.JUnitReportReporter -->
<testsuite hostname="DESKTOP-2O8E951" failures="0" tests="5" name="RunProductTest" time="99.083" errors="0" timestamp="2022-12-20T03:23:25 CET" skipped="0">
  <testcase classname="RunProductTest" name="runScenario" time="21.087"/>
  <system-out/>
  <testcase classname="RunProductTest" name="runScenario" time="26.302"/>
  <system-out/>
  <testcase classname="RunProductTest" name="runScenario" time="16.512"/>
  <system-out/>
  <testcase classname="RunProductTest" name="runScenario" time="23.483"/>
  <system-out/>
  <testcase classname="RunProductTest" name="runScenario" time="11.699"/>
  <system-out/>
</testsuite> <!-- RunProductTest -->
